<?xml version="1.0" encoding="UTF-8"?>
<!-- Generated by org.testng.reporters.JUnitXMLReporter -->
<testsuite ignored="0" hostname="DESKTOP-2R542G6" failures="0" tests="4" name="Submit Order test" time="29.208" errors="0" timestamp="2024-09-13T19:57:21 IST">
  <testcase classname="ECommerceAutomation.Tests.SubmitOrderTest" name="submitorder" time="4.713"/>
  <testcase classname="ECommerceAutomation.Tests.SubmitOrderTest" name="submitorder" time="4.391"/>
  <testcase classname="ECommerceAutomation.Tests.SubmitOrderTest" name="submitorder" time="4.393"/>
  <testcase classname="ECommerceAutomation.Tests.SubmitOrderTest" name="OrderHistoryTest" time="0.477"/>
</testsuite> <!-- Submit Order test -->
