<?xml version="1.0" encoding="UTF-8"?>
<!-- Generated by org.testng.reporters.JUnitXMLReporter -->
<testsuite ignored="0" hostname="DESKTOP-2R542G6" failures="0" tests="2" name="Error Validations Test" time="9.735" errors="0" timestamp="2024-09-13T20:42:59 IST">
  <testcase classname="ECommerceAutomation.Tests.ErrorValidationsTest" name="InvalidLoginErrorValidation" time="0.32"/>
  <testcase classname="ECommerceAutomation.Tests.ErrorValidationsTest" name="ProductErrorValidation" time="3.669"/>
</testsuite> <!-- Error Validations Test -->
