<?xml version="1.0" encoding="UTF-8"?>
<!-- Generated by org.testng.reporters.JUnitXMLReporter -->
<testsuite ignored="0" hostname="DESKTOP-2R542G6" failures="0" tests="4" name="Submit Order test" time="23.066" errors="0" timestamp="2024-09-13T20:43:12 IST">
  <testcase classname="ECommerceAutomation.Tests.SubmitOrderTest" name="submitorder" time="4.467"/>
  <testcase classname="ECommerceAutomation.Tests.SubmitOrderTest" name="submitorder" time="4.408"/>
  <testcase classname="ECommerceAutomation.Tests.SubmitOrderTest" name="submitorder" time="4.423"/>
  <testcase classname="ECommerceAutomation.Tests.SubmitOrderTest" name="OrderHistoryTest" time="0.452"/>
</testsuite> <!-- Submit Order test -->
